[0628/124733:ERROR:process_info.cc(608)] range at 0xffe46000, size 0x230 fully unreadable
[0628/124733:ERROR:process_reader_win.cc(141)] SuspendThread: 拒绝访问。 (0x5)
[0628/124733:ERROR:exception_snapshot_win.cc(57)] thread ID 3584 not found in process
[0628/124733:WARNING:crash_report_exception_handler.cc(60)] ProcessSnapshotWin::InitializeException failed
[0628/124733:ERROR:scoped_process_suspend.cc(38)] NtResumeProcess, ntstatus=-1073741558
[0628/134823:ERROR:process_info.cc(608)] range at 0xff3dc000, size 0x230 fully unreadable
[0628/134823:ERROR:process_reader_win.cc(141)] SuspendThread: 拒绝访问。 (0x5)
[0628/134823:ERROR:exception_snapshot_win.cc(57)] thread ID 7964 not found in process
[0628/134823:WARNING:crash_report_exception_handler.cc(60)] ProcessSnapshotWin::InitializeException failed
[0628/134823:ERROR:scoped_process_suspend.cc(38)] NtResumeProcess, ntstatus=-1073741558
[0628/135352:ERROR:process_info.cc(608)] range at 0xff1db000, size 0x230 fully unreadable
[0628/135352:ERROR:process_info.cc(608)] range at 0xff1df000, size 0xf84 fully unreadable
[0628/135352:ERROR:process_reader_win.cc(232)] ReadMemory at 0x6e0e0000 of 64 bytes failed: 仅完成部分的 ReadProcessMemory 或 WriteProcessMemory 请求。 (0x12B)
[0628/135352:WARNING:pe_image_reader.cc(280)] could not read dos header from C:\Windows\SYSTEM32\dwrite.dll
[0628/135352:ERROR:process_reader_win.cc(232)] ReadMemory at 0x72270000 of 64 bytes failed: 仅完成部分的 ReadProcessMemory 或 WriteProcessMemory 请求。 (0x12B)
[0628/135352:WARNING:pe_image_reader.cc(280)] could not read dos header from C:\Windows\system32\apphelp.dll
[0628/135352:ERROR:process_reader_win.cc(232)] ReadMemory at 0x74be0000 of 64 bytes failed: 仅完成部分的 ReadProcessMemory 或 WriteProcessMemory 请求。 (0x12B)
[0628/135352:WARNING:pe_image_reader.cc(280)] could not read dos header from C:\Windows\SYSTEM32\msvcrt.dll
[0628/135352:ERROR:process_reader_win.cc(232)] ReadMemory at 0x74950000 of 64 bytes failed: 仅完成部分的 ReadProcessMemory 或 WriteProcessMemory 请求。 (0x12B)
[0628/135352:WARNING:pe_image_reader.cc(280)] could not read dos header from C:\Windows\SYSTEM32\bcryptPrimitives.dll
[0628/135352:ERROR:process_reader_win.cc(232)] ReadMemory at 0x749b0000 of 64 bytes failed: 仅完成部分的 ReadProcessMemory 或 WriteProcessMemory 请求。 (0x12B)
[0628/135352:WARNING:pe_image_reader.cc(280)] could not read dos header from C:\Windows\SYSTEM32\CRYPTBASE.dll
[0628/135352:ERROR:process_reader_win.cc(232)] ReadMemory at 0x749c0000 of 64 bytes failed: 仅完成部分的 ReadProcessMemory 或 WriteProcessMemory 请求。 (0x12B)
[0628/135352:WARNING:pe_image_reader.cc(280)] could not read dos header from C:\Windows\SYSTEM32\SspiCli.dll
[0628/135352:ERROR:process_reader_win.cc(232)] ReadMemory at 0x74b30000 of 64 bytes failed: 仅完成部分的 ReadProcessMemory 或 WriteProcessMemory 请求。 (0x12B)
[0628/135352:WARNING:pe_image_reader.cc(280)] could not read dos header from C:\Windows\SYSTEM32\RPCRT4.dll
[0628/135352:ERROR:process_reader_win.cc(232)] ReadMemory at 0x76800000 of 64 bytes failed: 仅完成部分的 ReadProcessMemory 或 WriteProcessMemory 请求。 (0x12B)
[0628/135352:WARNING:pe_image_reader.cc(280)] could not read dos header from C:\Windows\SYSTEM32\sechost.dll
[0628/135352:ERROR:process_reader_win.cc(232)] ReadMemory at 0x74940000 of 64 bytes failed: 仅完成部分的 ReadProcessMemory 或 WriteProcessMemory 请求。 (0x12B)
[0628/135352:WARNING:pe_image_reader.cc(280)] could not read dos header from C:\Windows\SYSTEM32\VERSION.dll
[0628/135352:ERROR:process_reader_win.cc(232)] ReadMemory at 0x74af0000 of 64 bytes failed: 仅完成部分的 ReadProcessMemory 或 WriteProcessMemory 请求。 (0x12B)
[0628/135352:WARNING:pe_image_reader.cc(280)] could not read dos header from C:\Windows\SYSTEM32\cfgmgr32.dll
[0628/135352:ERROR:process_reader_win.cc(232)] ReadMemory at 0x74470000 of 64 bytes failed: 仅完成部分的 ReadProcessMemory 或 WriteProcessMemory 请求。 (0x12B)
[0628/135352:WARNING:pe_image_reader.cc(280)] could not read dos header from C:\Windows\SYSTEM32\DEVOBJ.dll
[0628/135352:ERROR:process_reader_win.cc(232)] ReadMemory at 0x744a0000 of 64 bytes failed: 仅完成部分的 ReadProcessMemory 或 WriteProcessMemory 请求。 (0x12B)
[0628/135352:WARNING:pe_image_reader.cc(280)] could not read dos header from C:\Windows\SYSTEM32\WINMMBASE.dll
[0628/135352:ERROR:process_reader_win.cc(232)] ReadMemory at 0x74ca0000 of 64 bytes failed: 仅完成部分的 ReadProcessMemory 或 WriteProcessMemory 请求。 (0x12B)
[0628/135352:WARNING:pe_image_reader.cc(280)] could not read dos header from C:\Windows\SYSTEM32\MSCTF.dll
[0628/135352:ERROR:process_reader_win.cc(232)] ReadMemory at 0x744d0000 of 64 bytes failed: 仅完成部分的 ReadProcessMemory 或 WriteProcessMemory 请求。 (0x12B)
[0628/135352:WARNING:pe_image_reader.cc(280)] could not read dos header from C:\Windows\SYSTEM32\WINMM.dll
[0628/135352:ERROR:process_reader_win.cc(232)] ReadMemory at 0x74ad0000 of 64 bytes failed: 仅完成部分的 ReadProcessMemory 或 WriteProcessMemory 请求。 (0x12B)
[0628/135352:WARNING:pe_image_reader.cc(280)] could not read dos header from C:\Windows\SYSTEM32\profapi.dll
[0628/135352:ERROR:process_reader_win.cc(232)] ReadMemory at 0x74910000 of 64 bytes failed: 仅完成部分的 ReadProcessMemory 或 WriteProcessMemory 请求。 (0x12B)
[0628/135352:WARNING:pe_image_reader.cc(280)] could not read dos header from C:\Windows\SYSTEM32\USERENV.dll
[0628/135352:ERROR:process_reader_win.cc(232)] ReadMemory at 0x74930000 of 64 bytes failed: 仅完成部分的 ReadProcessMemory 或 WriteProcessMemory 请求。 (0x12B)
[0628/135352:WARNING:pe_image_reader.cc(280)] could not read dos header from C:\Windows\SYSTEM32\WTSAPI32.dll
[0628/135352:ERROR:process_reader_win.cc(232)] ReadMemory at 0x726a0000 of 64 bytes failed: 仅完成部分的 ReadProcessMemory 或 WriteProcessMemory 请求。 (0x12B)
[0628/135352:WARNING:pe_image_reader.cc(280)] could not read dos header from C:\Windows\SYSTEM32\WINHTTP.dll
[0628/135352:ERROR:process_reader_win.cc(232)] ReadMemory at 0x76e00000 of 64 bytes failed: 仅完成部分的 ReadProcessMemory 或 WriteProcessMemory 请求。 (0x12B)
[0628/135352:WARNING:pe_image_reader.cc(280)] could not read dos header from C:\Windows\SYSTEM32\combase.dll
[0628/135352:ERROR:process_reader_win.cc(232)] ReadMemory at 0x76220000 of 64 bytes failed: 仅完成部分的 ReadProcessMemory 或 WriteProcessMemory 请求。 (0x12B)
[0628/135352:WARNING:pe_image_reader.cc(280)] could not read dos header from C:\Windows\SYSTEM32\shlwapi.dll
[0628/135352:ERROR:process_reader_win.cc(232)] ReadMemory at 0x76770000 of 64 bytes failed: 仅完成部分的 ReadProcessMemory 或 WriteProcessMemory 请求。 (0x12B)
[0628/135352:WARNING:pe_image_reader.cc(280)] could not read dos header from C:\Windows\SYSTEM32\shcore.dll
[0628/135352:ERROR:process_reader_win.cc(232)] ReadMemory at 0x76290000 of 64 bytes failed: 仅完成部分的 ReadProcessMemory 或 WriteProcessMemory 请求。 (0x12B)
[0628/135352:WARNING:pe_image_reader.cc(280)] could not read dos header from C:\Windows\SYSTEM32\windows.storage.dll
[0628/135352:ERROR:process_reader_win.cc(232)] ReadMemory at 0x74e60000 of 64 bytes failed: 仅完成部分的 ReadProcessMemory 或 WriteProcessMemory 请求。 (0x12B)
[0628/135352:WARNING:pe_image_reader.cc(280)] could not read dos header from C:\Windows\SYSTEM32\SHELL32.dll
[0628/135352:ERROR:process_reader_win.cc(232)] ReadMemory at 0x749e0000 of 64 bytes failed: 仅完成部分的 ReadProcessMemory 或 WriteProcessMemory 请求。 (0x12B)
[0628/135352:WARNING:pe_image_reader.cc(280)] could not read dos header from C:\Windows\SYSTEM32\ole32.dll
[0628/135352:ERROR:process_reader_win.cc(232)] ReadMemory at 0x74dc0000 of 64 bytes failed: 仅完成部分的 ReadProcessMemory 或 WriteProcessMemory 请求。 (0x12B)
[0628/135352:WARNING:pe_image_reader.cc(280)] could not read dos header from C:\Windows\SYSTEM32\OLEAUT32.dll
[0628/135352:ERROR:process_reader_win.cc(232)] ReadMemory at 0x76fc0000 of 64 bytes failed: 仅完成部分的 ReadProcessMemory 或 WriteProcessMemory 请求。 (0x12B)
[0628/135352:WARNING:pe_image_reader.cc(280)] could not read dos header from C:\Windows\SYSTEM32\PSAPI.DLL
[0628/135352:ERROR:process_reader_win.cc(232)] ReadMemory at 0x74ae0000 of 64 bytes failed: 仅完成部分的 ReadProcessMemory 或 WriteProcessMemory 请求。 (0x12B)
[0628/135352:WARNING:pe_image_reader.cc(280)] could not read dos header from C:\Windows\SYSTEM32\NSI.dll
[0628/135352:ERROR:process_reader_win.cc(232)] ReadMemory at 0x76be0000 of 64 bytes failed: 仅完成部分的 ReadProcessMemory 或 WriteProcessMemory 请求。 (0x12B)
[0628/135352:WARNING:pe_image_reader.cc(280)] could not read dos header from C:\Windows\SYSTEM32\WS2_32.dll
[0628/135352:ERROR:process_reader_win.cc(232)] ReadMemory at 0x747a0000 of 64 bytes failed: 仅完成部分的 ReadProcessMemory 或 WriteProcessMemory 请求。 (0x12B)
[0628/135352:WARNING:pe_image_reader.cc(280)] could not read dos header from C:\Windows\SYSTEM32\bcrypt.dll
[0628/135352:ERROR:process_reader_win.cc(232)] ReadMemory at 0x747f0000 of 64 bytes failed: 仅完成部分的 ReadProcessMemory 或 WriteProcessMemory 请求。 (0x12B)
[0628/135352:WARNING:pe_image_reader.cc(280)] could not read dos header from C:\Windows\SYSTEM32\wkscli.dll
[0628/135352:ERROR:process_reader_win.cc(232)] ReadMemory at 0x747d0000 of 64 bytes failed: 仅完成部分的 ReadProcessMemory 或 WriteProcessMemory 请求。 (0x12B)
[0628/135352:WARNING:pe_image_reader.cc(280)] could not read dos header from C:\Windows\SYSTEM32\srvcli.dll
[0628/135352:ERROR:process_reader_win.cc(232)] ReadMemory at 0x747c0000 of 64 bytes failed: 仅完成部分的 ReadProcessMemory 或 WriteProcessMemory 请求。 (0x12B)
[0628/135352:WARNING:pe_image_reader.cc(280)] could not read dos header from C:\Windows\SYSTEM32\netutils.dll
[0628/135352:ERROR:process_reader_win.cc(232)] ReadMemory at 0x74800000 of 64 bytes failed: 仅完成部分的 ReadProcessMemory 或 WriteProcessMemory 请求。 (0x12B)
[0628/135352:WARNING:pe_image_reader.cc(280)] could not read dos header from C:\Windows\SYSTEM32\NETAPI32.dll
[0628/135352:ERROR:process_reader_win.cc(232)] ReadMemory at 0x73620000 of 64 bytes failed: 仅完成部分的 ReadProcessMemory 或 WriteProcessMemory 请求。 (0x12B)
[0628/135352:WARNING:pe_image_reader.cc(280)] could not read dos header from C:\Program Files (x86)\360\360safe\safemon\safemon.dll
[0628/135352:ERROR:process_reader_win.cc(232)] ReadMemory at 0x68c00000 of 64 bytes failed: 仅完成部分的 ReadProcessMemory 或 WriteProcessMemory 请求。 (0x12B)
[0628/135352:WARNING:pe_image_reader.cc(280)] could not read dos header from C:\Program Files (x86)\360\360safe\safemon\iNetSafe.dll
[0628/135352:ERROR:process_reader_win.cc(232)] ReadMemory at 0x6fc00000 of 64 bytes failed: 仅完成部分的 ReadProcessMemory 或 WriteProcessMemory 请求。 (0x12B)
[0628/135352:WARNING:pe_image_reader.cc(280)] could not read dos header from C:\Windows\SYSTEM32\WINSPOOL.DRV
[0628/135352:ERROR:process_reader_win.cc(232)] ReadMemory at 0x72400000 of 64 bytes failed: 仅完成部分的 ReadProcessMemory 或 WriteProcessMemory 请求。 (0x12B)
[0628/135352:WARNING:pe_image_reader.cc(280)] could not read dos header from C:\Windows\WinSxS\x86_microsoft.windows.common-controls_6595b64144ccf1df_6.0.10240.16384_none_3bccb1ff6bcd1849\COMCTL32.dll
[0628/135352:ERROR:process_reader_win.cc(232)] ReadMemory at 0x746c0000 of 64 bytes failed: 仅完成部分的 ReadProcessMemory 或 WriteProcessMemory 请求。 (0x12B)
[0628/135352:WARNING:pe_image_reader.cc(280)] could not read dos header from C:\Windows\SYSTEM32\WINNSI.DLL
[0628/135352:ERROR:process_reader_win.cc(232)] ReadMemory at 0x746d0000 of 64 bytes failed: 仅完成部分的 ReadProcessMemory 或 WriteProcessMemory 请求。 (0x12B)
[0628/135352:WARNING:pe_image_reader.cc(280)] could not read dos header from C:\Windows\SYSTEM32\IPHLPAPI.DLL
[0628/135352:ERROR:process_reader_win.cc(232)] ReadMemory at 0x6fc70000 of 64 bytes failed: 仅完成部分的 ReadProcessMemory 或 WriteProcessMemory 请求。 (0x12B)
[0628/135352:WARNING:pe_image_reader.cc(280)] could not read dos header from C:\Windows\SYSTEM32\USP10.dll
[0628/135352:ERROR:process_reader_win.cc(232)] ReadMemory at 0x76280000 of 64 bytes failed: 仅完成部分的 ReadProcessMemory 或 WriteProcessMemory 请求。 (0x12B)
[0628/135352:WARNING:pe_image_reader.cc(280)] could not read dos header from C:\Windows\SYSTEM32\MSASN1.dll
[0628/135352:ERROR:process_reader_win.cc(232)] ReadMemory at 0x768b0000 of 64 bytes failed: 仅完成部分的 ReadProcessMemory 或 WriteProcessMemory 请求。 (0x12B)
[0628/135352:WARNING:pe_image_reader.cc(280)] could not read dos header from C:\Windows\SYSTEM32\CRYPT32.dll
[0628/135352:ERROR:process_reader_win.cc(232)] ReadMemory at 0x76c40000 of 64 bytes failed: 仅完成部分的 ReadProcessMemory 或 WriteProcessMemory 请求。 (0x12B)
[0628/135352:WARNING:pe_image_reader.cc(280)] could not read dos header from C:\Windows\SYSTEM32\WINTRUST.dll
[0628/135352:ERROR:process_reader_win.cc(232)] ReadMemory at 0x743d0000 of 64 bytes failed: 仅完成部分的 ReadProcessMemory 或 WriteProcessMemory 请求。 (0x12B)
[0628/135352:WARNING:pe_image_reader.cc(280)] could not read dos header from C:\Windows\SYSTEM32\Secur32.dll
[0628/135352:ERROR:process_reader_win.cc(232)] ReadMemory at 0xf850000 of 64 bytes failed: 仅完成部分的 ReadProcessMemory 或 WriteProcessMemory 请求。 (0x12B)
[0628/135352:WARNING:pe_image_reader.cc(280)] could not read dos header from C:\Program Files (x86)\Google\Chrome\Application\50.0.2661.102\chrome_child.dll
[0628/135352:ERROR:process_reader_win.cc(232)] ReadMemory at 0x6e0e0000 of 64 bytes failed: 仅完成部分的 ReadProcessMemory 或 WriteProcessMemory 请求。 (0x12B)
[0628/135352:WARNING:pe_image_reader.cc(280)] could not read dos header from C:\Windows\SYSTEM32\dwrite.dll
[0628/135352:ERROR:process_reader_win.cc(232)] ReadMemory at 0xa8b000 of 20480 bytes failed: 仅完成部分的 ReadProcessMemory 或 WriteProcessMemory 请求。 (0x12B)
[0628/135352:ERROR:crash_report_exception_handler.cc(102)] WriteEverything failed
[0628/135352:ERROR:scoped_process_suspend.cc(38)] NtResumeProcess, ntstatus=-1073741558
[0716/090631:ERROR:process_info.cc(608)] range at 0xfed53000, size 0x230 fully unreadable
[0716/090631:ERROR:process_info.cc(608)] range at 0xfed5c000, size 0xf84 fully unreadable
[0716/090642:ERROR:process_info.cc(608)] range at 0xff357000, size 0x230 fully unreadable
[0716/090642:ERROR:process_info.cc(608)] range at 0xfeb8a000, size 0x230 fully unreadable
[0716/090642:ERROR:process_info.cc(608)] range at 0xff35f000, size 0xf84 fully unreadable
[0716/090642:ERROR:process_info.cc(608)] range at 0xfeb8e000, size 0xf84 fully unreadable
[0716/092117:ERROR:process_info.cc(608)] range at 0xfee8a000, size 0x230 fully unreadable
[0716/092117:ERROR:process_info.cc(608)] range at 0xfee8f000, size 0xf84 fully unreadable
[0716/142111:ERROR:process_info.cc(608)] range at 0xff498000, size 0x230 fully unreadable
[0716/142111:ERROR:process_info.cc(608)] range at 0xff49f000, size 0xf84 fully unreadable
[0719/153224:ERROR:process_info.cc(608)] range at 0xff43c000, size 0x230 fully unreadable
[0719/153224:ERROR:process_info.cc(608)] range at 0xff43b000, size 0xf84 fully unreadable
[0725/105107:ERROR:process_info.cc(608)] range at 0xff714000, size 0x230 fully unreadable
[0725/105107:ERROR:process_info.cc(608)] range at 0xff71e000, size 0xf84 fully unreadable
[0725/121359:ERROR:process_info.cc(608)] range at 0xff0ef000, size 0x230 fully unreadable
[0725/121359:ERROR:process_info.cc(608)] range at 0xff0ee000, size 0xf84 fully unreadable
[0725/121606:ERROR:process_info.cc(608)] range at 0xff8ae000, size 0x230 fully unreadable
[0725/121606:ERROR:process_info.cc(608)] range at 0xff8ad000, size 0xf84 fully unreadable
[0725/171101:ERROR:process_info.cc(608)] range at 0xff243000, size 0x230 fully unreadable
[0725/171101:ERROR:process_info.cc(608)] range at 0xff24e000, size 0xf84 fully unreadable
[0725/173619:ERROR:process_info.cc(608)] range at 0xfeb44000, size 0x230 fully unreadable
[0725/173619:ERROR:process_info.cc(608)] range at 0xfeb4f000, size 0xf84 fully unreadable
[0725/174107:ERROR:process_info.cc(608)] range at 0xfe6d7000, size 0x230 fully unreadable
[0725/174107:ERROR:process_info.cc(608)] range at 0xfe6df000, size 0xf84 fully unreadable
[0727/092951:ERROR:process_info.cc(608)] range at 0xfefe9000, size 0x230 fully unreadable
[0727/092951:ERROR:process_info.cc(608)] range at 0xfefec000, size 0xf84 fully unreadable
[0727/093002:ERROR:process_info.cc(608)] range at 0xff27b000, size 0x230 fully unreadable
[0727/093002:ERROR:process_info.cc(608)] range at 0xff27a000, size 0xf84 fully unreadable
[0727/134508:ERROR:process_info.cc(608)] range at 0xff15d000, size 0x230 fully unreadable
[0727/134508:ERROR:process_info.cc(608)] range at 0xff15c000, size 0xf84 fully unreadable
[0728/095001:ERROR:process_info.cc(608)] range at 0xffe68000, size 0x230 fully unreadable
[0728/095001:ERROR:process_info.cc(608)] range at 0xffe6c000, size 0xf84 fully unreadable
[0728/135213:ERROR:process_info.cc(608)] range at 0xff783000, size 0x230 fully unreadable
[0728/135213:ERROR:process_info.cc(608)] range at 0xff78e000, size 0xf84 fully unreadable
[0730/121857:ERROR:process_info.cc(608)] range at 0xffe13000, size 0x230 fully unreadable
[0730/121857:ERROR:process_info.cc(608)] range at 0xffe1f000, size 0xf84 fully unreadable
[0807/152536:ERROR:process_info.cc(608)] range at 0xff7cc000, size 0x230 fully unreadable
[0807/152536:ERROR:process_info.cc(608)] range at 0xff7cb000, size 0xf84 fully unreadable
[0809/105650:ERROR:process_info.cc(608)] range at 0xff19f000, size 0x230 fully unreadable
[0809/105650:ERROR:process_info.cc(608)] range at 0xff19e000, size 0xf84 fully unreadable
[0809/105650:ERROR:process_reader_win.cc(232)] ReadMemory at 0xcfc000 of 16384 bytes failed: 仅完成部分的 ReadProcessMemory 或 WriteProcessMemory 请求。 (0x12B)
[0809/105650:ERROR:crash_report_exception_handler.cc(102)] WriteEverything failed
[0809/105650:ERROR:scoped_process_suspend.cc(38)] NtResumeProcess, ntstatus=-1073741558
[0809/164709:ERROR:process_info.cc(608)] range at 0xfee2d000, size 0x230 fully unreadable
[0809/164709:ERROR:process_info.cc(608)] range at 0xfee2a000, size 0xf84 fully unreadable
[0813/162411:ERROR:process_info.cc(608)] range at 0xff18f000, size 0x230 fully unreadable
[0813/162411:ERROR:process_info.cc(608)] range at 0xff18b000, size 0xf84 fully unreadable
[0816/134430:ERROR:process_info.cc(608)] range at 0xffa16000, size 0x230 fully unreadable
[0816/134430:ERROR:process_info.cc(608)] range at 0xffa1f000, size 0xf84 fully unreadable
[0816/134430:ERROR:process_reader_win.cc(232)] ReadMemory at 0x7c7000 of 36864 bytes failed: 仅完成部分的 ReadProcessMemory 或 WriteProcessMemory 请求。 (0x12B)
[0816/134430:ERROR:crash_report_exception_handler.cc(102)] WriteEverything failed
[0816/134430:ERROR:scoped_process_suspend.cc(38)] NtResumeProcess, ntstatus=-1073741558
[0817/103242:ERROR:process_info.cc(608)] range at 0xfe7bf000, size 0x230 fully unreadable
[0817/103242:ERROR:process_info.cc(608)] range at 0xfe7be000, size 0xf84 fully unreadable
[0817/163129:ERROR:process_info.cc(608)] range at 0xfeadd000, size 0x230 fully unreadable
[0817/163129:ERROR:process_info.cc(608)] range at 0xfeadc000, size 0xf84 fully unreadable
[0907/195244:ERROR:process_info.cc(608)] range at 0xfecdc000, size 0x230 fully unreadable
[0907/195244:ERROR:process_info.cc(608)] range at 0xfecdb000, size 0xf84 fully unreadable
[0907/195244:ERROR:process_reader_win.cc(232)] ReadMemory at 0x75232e90 of 1024 bytes failed: 仅完成部分的 ReadProcessMemory 或 WriteProcessMemory 请求。 (0x12B)
[0907/195244:ERROR:crash_report_exception_handler.cc(102)] WriteEverything failed
[0907/195244:ERROR:scoped_process_suspend.cc(38)] NtResumeProcess, ntstatus=-1073741558
[0910/192257:ERROR:process_info.cc(608)] range at 0xfe50f000, size 0x230 fully unreadable
[0910/192257:ERROR:process_info.cc(608)] range at 0xfe50e000, size 0xf84 fully unreadable
[0913/165831:ERROR:process_info.cc(608)] range at 0xff1ad000, size 0x230 fully unreadable
[0913/165831:ERROR:process_info.cc(608)] range at 0xff1ac000, size 0xf84 fully unreadable
[0913/165831:ERROR:process_reader_win.cc(232)] ReadMemory at 0x14f25d4 of 1024 bytes failed: 仅完成部分的 ReadProcessMemory 或 WriteProcessMemory 请求。 (0x12B)
[0913/165831:ERROR:crash_report_exception_handler.cc(102)] WriteEverything failed
[0913/165831:ERROR:scoped_process_suspend.cc(38)] NtResumeProcess, ntstatus=-1073741558
[0929/091643:ERROR:process_info.cc(608)] range at 0xff7cf000, size 0x230 fully unreadable
[0929/091643:ERROR:process_info.cc(608)] range at 0xff7ce000, size 0xf84 fully unreadable
[0929/092230:ERROR:process_info.cc(608)] range at 0xff6da000, size 0x230 fully unreadable
[0929/092230:ERROR:process_info.cc(608)] range at 0xff6df000, size 0xf84 fully unreadable
[0929/181128:ERROR:process_info.cc(608)] range at 0xff1cb000, size 0x230 fully unreadable
[0929/181128:ERROR:process_info.cc(608)] range at 0xff1cf000, size 0xf84 fully unreadable
[0930/151455:ERROR:process_info.cc(608)] range at 0xfe9c5000, size 0x230 fully unreadable
[0930/151455:ERROR:process_info.cc(608)] range at 0xfe9ce000, size 0xf84 fully unreadable
[0930/154551:ERROR:process_info.cc(608)] range at 0xff7eb000, size 0x230 fully unreadable
[0930/154551:ERROR:process_info.cc(608)] range at 0xff7ef000, size 0xf84 fully unreadable
[1010/090955:ERROR:process_info.cc(608)] range at 0xfe9a6000, size 0x230 fully unreadable
[1010/090955:ERROR:process_info.cc(608)] range at 0xfe9af000, size 0xf84 fully unreadable
[1010/090955:ERROR:process_reader_win.cc(232)] ReadMemory at 0xe59000 of 28672 bytes failed: 仅完成部分的 ReadProcessMemory 或 WriteProcessMemory 请求。 (0x12B)
[1010/090955:ERROR:crash_report_exception_handler.cc(102)] WriteEverything failed
[1010/090955:ERROR:scoped_process_suspend.cc(38)] NtResumeProcess, ntstatus=-1073741558
[1011/091732:ERROR:process_info.cc(608)] range at 0xfe7ff000, size 0x230 fully unreadable
[1011/091732:ERROR:process_info.cc(608)] range at 0xfe7fe000, size 0xf84 fully unreadable
[1011/102648:ERROR:process_info.cc(608)] range at 0xff62f000, size 0x230 fully unreadable
[1011/102648:ERROR:process_info.cc(608)] range at 0xff62e000, size 0xf84 fully unreadable
[1011/115047:ERROR:process_info.cc(608)] range at 0xfee9c000, size 0x230 fully unreadable
[1011/115047:ERROR:process_info.cc(608)] range at 0xfee9f000, size 0xf84 fully unreadable
[1011/115523:ERROR:process_info.cc(608)] range at 0xff20d000, size 0x230 fully unreadable
[1011/115523:ERROR:process_info.cc(608)] range at 0xff209000, size 0xf84 fully unreadable
[1011/115532:ERROR:process_info.cc(608)] range at 0xfebae000, size 0x230 fully unreadable
[1011/115532:ERROR:process_info.cc(608)] range at 0xfebac000, size 0xf84 fully unreadable
[1011/115539:ERROR:process_info.cc(608)] range at 0xff164000, size 0x230 fully unreadable
[1011/115539:ERROR:process_info.cc(608)] range at 0xff16f000, size 0xf84 fully unreadable
[1019/111538:ERROR:process_info.cc(608)] range at 0xff45b000, size 0x230 fully unreadable
[1019/111538:ERROR:process_info.cc(608)] range at 0xff45f000, size 0xf84 fully unreadable
[1019/111538:ERROR:process_reader_win.cc(232)] ReadMemory at 0x77408acc of 1024 bytes failed: 仅完成部分的 ReadProcessMemory 或 WriteProcessMemory 请求。 (0x12B)
[1019/111538:ERROR:crash_report_exception_handler.cc(102)] WriteEverything failed
[1019/111538:ERROR:scoped_process_suspend.cc(38)] NtResumeProcess, ntstatus=-1073741558
[1019/141641:ERROR:process_info.cc(608)] range at 0xfef57000, size 0x230 fully unreadable
[1019/141641:ERROR:process_info.cc(608)] range at 0xfef5f000, size 0xf84 fully unreadable
[1019/141641:ERROR:process_reader_win.cc(232)] ReadMemory at 0x12b2f78 of 72 bytes failed: 仅完成部分的 ReadProcessMemory 或 WriteProcessMemory 请求。 (0x12B)
[1019/141641:ERROR:crash_report_exception_handler.cc(102)] WriteEverything failed
[1019/141641:ERROR:scoped_process_suspend.cc(38)] NtResumeProcess, ntstatus=-1073741558
[1019/141717:ERROR:process_info.cc(608)] range at 0xfec3c000, size 0x230 fully unreadable
[1019/141717:ERROR:process_info.cc(608)] range at 0xfec3f000, size 0xf84 fully unreadable
[1019/141718:ERROR:scoped_process_suspend.cc(38)] NtResumeProcess, ntstatus=-1073741558
[1019/141946:ERROR:process_info.cc(608)] range at 0xff54e000, size 0x230 fully unreadable
[1019/141946:ERROR:process_info.cc(608)] range at 0xff54b000, size 0xf84 fully unreadable
[1019/141946:ERROR:process_reader_win.cc(232)] ReadMemory at 0x55a000 of 24576 bytes failed: 仅完成部分的 ReadProcessMemory 或 WriteProcessMemory 请求。 (0x12B)
[1019/141946:ERROR:crash_report_exception_handler.cc(102)] WriteEverything failed
[1019/141946:ERROR:scoped_process_suspend.cc(38)] NtResumeProcess, ntstatus=-1073741558
[1019/153412:ERROR:process_info.cc(608)] range at 0xff24d000, size 0x230 fully unreadable
[1019/153412:ERROR:process_reader_win.cc(141)] SuspendThread: 拒绝访问。 (0x5)
[1019/153412:ERROR:process_info.cc(608)] range at 0xff24c000, size 0xf84 fully unreadable
[1019/153412:ERROR:process_info.cc(608)] range at 0xfef46000, size 0x230 fully unreadable
[1019/153412:ERROR:process_info.cc(608)] range at 0xfef4f000, size 0xf84 fully unreadable
[1019/153412:ERROR:process_reader_win.cc(232)] ReadMemory at 0x2c6000 of 40960 bytes failed: 仅完成部分的 ReadProcessMemory 或 WriteProcessMemory 请求。 (0x12B)
[1019/153412:ERROR:crash_report_exception_handler.cc(102)] WriteEverything failed
[1019/153412:ERROR:scoped_process_suspend.cc(38)] NtResumeProcess, ntstatus=-1073741558
